<?xml version="1.0" encoding="UTF-8"?>
<testsuite name="com.basica.basica.core.impl.TestHelloServiceImpl" time="1.051" tests="1" errors="0" skipped="0" failures="0">
  <properties>
    <property name="java.runtime.name" value="Java(TM) SE Runtime Environment"/>
    <property name="sun.boot.library.path" value="F:\Javalab\LND\Java\jre\bin"/>
    <property name="java.vm.version" value="25.131-b11"/>
    <property name="java.vm.vendor" value="Oracle Corporation"/>
    <property name="maven.multiModuleProjectDirectory" value="F:\JAVA_LAB\AEM TRAINING\basica\core"/>
    <property name="java.vendor.url" value="http://java.oracle.com/"/>
    <property name="path.separator" value=";"/>
    <property name="guice.disable.misplaced.annotation.check" value="true"/>
    <property name="java.vm.name" value="Java HotSpot(TM) 64-Bit Server VM"/>
    <property name="file.encoding.pkg" value="sun.io"/>
    <property name="user.script" value=""/>
    <property name="user.country" value="US"/>
    <property name="sun.java.launcher" value="SUN_STANDARD"/>
    <property name="sun.os.patch.level" value=""/>
    <property name="java.vm.specification.name" value="Java Virtual Machine Specification"/>
    <property name="user.dir" value="F:\JAVA_LAB\AEM TRAINING\basica\core"/>
    <property name="java.runtime.version" value="1.8.0_131-b11"/>
    <property name="java.awt.graphicsenv" value="sun.awt.Win32GraphicsEnvironment"/>
    <property name="java.endorsed.dirs" value="F:\Javalab\LND\Java\jre\lib\endorsed"/>
    <property name="os.arch" value="amd64"/>
    <property name="java.io.tmpdir" value="C:\Users\Admin\AppData\Local\Temp\"/>
    <property name="line.separator" value="&#10;"/>
    <property name="java.vm.specification.vendor" value="Oracle Corporation"/>
    <property name="user.variant" value=""/>
    <property name="os.name" value="Windows 10"/>
    <property name="classworlds.conf" value="F:\JAVA_LAB\AEM TRAINING\.metadata\.plugins\org.eclipse.m2e.launching\launches\m2conf1681549232087624655.tmp"/>
    <property name="sun.jnu.encoding" value="Cp1252"/>
    <property name="java.library.path" value="F:\Javalab\LND\Java\bin;C:\WINDOWS\Sun\Java\bin;C:\WINDOWS\system32;C:\WINDOWS;F:/Javalab/LND/Java/jre/bin/server;F:/Javalab/LND/Java/jre/bin;F:/Javalab/LND/Java/jre/lib/amd64;C:\ProgramData\Oracle\Java\javapath;C:\WINDOWS\system32;F:\Javalab\LND\Java\bin;F:\apache-maven-3.5.0\bin;C:\WINDOWS\system32;C:\WINDOWS;C:\WINDOWS\System32\Wbem;C:\WINDOWS\System32\WindowsPowerShell\v1.0\;F:\softwares\putty\;C:\Program Files (x86)\Brackets\command;F:\instance\crx-quickstart\opt\filevault\vault-cli-3.1.16\bin;C:\Users\Admin\AppData\Local\Microsoft\WindowsApps;;F:\Javalab\LND\eclipse\eclipse;;."/>
    <property name="java.specification.name" value="Java Platform API Specification"/>
    <property name="java.class.version" value="52.0"/>
    <property name="sun.management.compiler" value="HotSpot 64-Bit Tiered Compilers"/>
    <property name="os.version" value="10.0"/>
    <property name="user.home" value="C:\Users\Admin"/>
    <property name="user.timezone" value="Asia/Calcutta"/>
    <property name="java.awt.printerjob" value="sun.awt.windows.WPrinterJob"/>
    <property name="java.specification.version" value="1.8"/>
    <property name="file.encoding" value="Cp1252"/>
    <property name="user.name" value="Admin"/>
    <property name="java.class.path" value="/F:/Javalab/LND/eclipse/eclipse/plugins/org.eclipse.m2e.maven.runtime_1.7.0.20160603-1931/jars/plexus-classworlds-2.5.2.jar"/>
    <property name="java.vm.specification.version" value="1.8"/>
    <property name="sun.arch.data.model" value="64"/>
    <property name="java.home" value="F:\Javalab\LND\Java\jre"/>
    <property name="sun.java.command" value="org.codehaus.plexus.classworlds.launcher.Launcher -PautoInstallBundle -B clean install"/>
    <property name="java.specification.vendor" value="Oracle Corporation"/>
    <property name="user.language" value="en"/>
    <property name="awt.toolkit" value="sun.awt.windows.WToolkit"/>
    <property name="java.vm.info" value="mixed mode"/>
    <property name="java.version" value="1.8.0_131"/>
    <property name="java.ext.dirs" value="F:\Javalab\LND\Java\jre\lib\ext;C:\WINDOWS\Sun\Java\lib\ext"/>
    <property name="sun.boot.class.path" value="F:\Javalab\LND\Java\jre\lib\resources.jar;F:\Javalab\LND\Java\jre\lib\rt.jar;F:\Javalab\LND\Java\jre\lib\sunrsasign.jar;F:\Javalab\LND\Java\jre\lib\jsse.jar;F:\Javalab\LND\Java\jre\lib\jce.jar;F:\Javalab\LND\Java\jre\lib\charsets.jar;F:\Javalab\LND\Java\jre\lib\jfr.jar;F:\Javalab\LND\Java\jre\classes"/>
    <property name="java.vendor" value="Oracle Corporation"/>
    <property name="maven.home" value="F:\JAVA_LAB\AEM TRAINING\basica\core\EMBEDDED"/>
    <property name="file.separator" value="\"/>
    <property name="java.vendor.url.bug" value="http://bugreport.sun.com/bugreport/"/>
    <property name="sun.cpu.endian" value="little"/>
    <property name="sun.io.unicode.encoding" value="UnicodeLittle"/>
    <property name="sun.desktop" value="windows"/>
    <property name="sun.cpu.isalist" value="amd64"/>
  </properties>
  <testcase name="testGetMessage" classname="com.basica.basica.core.impl.TestHelloServiceImpl" time="1.051"/>
</testsuite>